#
# There is insufficient memory for the Java Runtime Environment to continue.
# Native memory allocation (malloc) failed to allocate 32744 bytes for ChunkPool::allocate
# Possible reasons:
#   The system is out of physical RAM or swap space
#   The process is running with CompressedOops enabled, and the Java Heap may be blocking the growth of the native heap
# Possible solutions:
#   Reduce memory load on the system
#   Increase physical memory or swap space
#   Check if swap backing store is full
#   Decrease Java heap size (-Xmx/-Xms)
#   Decrease number of Java threads
#   Decrease Java thread stack sizes (-Xss)
#   Set larger code cache with -XX:ReservedCodeCacheSize=
#   JVM is running with Unscaled Compressed Oops mode in which the Java heap is
#     placed in the first 4GB address space. The Java Heap base address is the
#     maximum limit for the native heap growth. Please use -XX:HeapBaseMinAddress
#     to set the Java Heap base and to place the Java Heap above 4GB virtual address.
# This output file may be truncated or incomplete.
#
#  Out of Memory Error (allocation.cpp:272), pid=9912, tid=0x00000000000001a4
#
# JRE version: Java(TM) SE Runtime Environment (8.0_241-b07) (build 1.8.0_241-b07)
# Java VM: Java HotSpot(TM) 64-Bit Server VM (25.241-b07 mixed mode windows-amd64 compressed oops)
# Failed to write core dump. Minidumps are not enabled by default on client versions of Windows
#

---------------  T H R E A D  ---------------

Current thread (0x00000000135c4000):  JavaThread "C2 CompilerThread0" daemon [_thread_in_native, id=420, stack(0x0000000014c00000,0x0000000014d00000)]

Stack: [0x0000000014c00000,0x0000000014d00000]
[error occurred during error reporting (printing stack bounds), id 0xc0000005]

Native frames: (J=compiled Java code, j=interpreted, Vv=VM code, C=native code)


Current CompileTask:
C2: 112461 1469       4       org.openqa.selenium.json.Input::peek (9 bytes)


---------------  P R O C E S S  ---------------

Java Threads: ( => current thread )
  0x0000000015794000 JavaThread "AsyncHttpClient-3-1" [_thread_in_native, id=3904, stack(0x00000000180b0000,0x00000000181b0000)]
  0x0000000015797000 JavaThread "Exec Stream Pumper" daemon [_thread_in_native, id=8308, stack(0x0000000017ab0000,0x0000000017bb0000)]
  0x0000000015796000 JavaThread "Exec Stream Pumper" daemon [_thread_in_native, id=3812, stack(0x00000000179b0000,0x0000000017ab0000)]
  0x0000000015795800 JavaThread "UrlChecker-2" daemon [_thread_blocked, id=1788, stack(0x00000000178b0000,0x00000000179b0000)]
  0x00000000168b3800 JavaThread "Exec Default Executor" daemon [_thread_in_native, id=1748, stack(0x00000000177b0000,0x00000000178b0000)]
  0x00000000150e2000 JavaThread "AsyncHttpClient-timer-4-1" [_thread_blocked, id=3216, stack(0x00000000166e0000,0x00000000167e0000)]
  0x00000000135e3000 JavaThread "AsyncHttpClient-timer-1-1" [_thread_blocked, id=9196, stack(0x0000000015fe0000,0x00000000160e0000)]
  0x000000001361a800 JavaThread "Service Thread" daemon [_thread_blocked, id=3120, stack(0x0000000014f00000,0x0000000015000000)]
  0x00000000135f2800 JavaThread "C1 CompilerThread2" daemon [_thread_blocked, id=2976, stack(0x0000000014e00000,0x0000000014f00000)]
  0x00000000135cc000 JavaThread "C2 CompilerThread1" daemon [_thread_blocked, id=8288, stack(0x0000000014d00000,0x0000000014e00000)]
=>0x00000000135c4000 JavaThread "C2 CompilerThread0" daemon [_thread_in_native, id=420, stack(0x0000000014c00000,0x0000000014d00000)]
  0x00000000135c2000 JavaThread "Attach Listener" daemon [_thread_blocked, id=8644, stack(0x0000000014b00000,0x0000000014c00000)]
  0x00000000135c1000 JavaThread "Signal Dispatcher" daemon [_thread_blocked, id=4396, stack(0x0000000014a00000,0x0000000014b00000)]
  0x00000000135ab000 JavaThread "Finalizer" daemon [_thread_blocked, id=8104, stack(0x0000000014820000,0x0000000014920000)]
  0x00000000022f4000 JavaThread "Reference Handler" daemon [_thread_blocked, id=9592, stack(0x0000000014720000,0x0000000014820000)]
  0x0000000002204800 JavaThread "Forwarding newSession on session null to remote" [_thread_in_native, id=3584, stack(0x0000000002080000,0x0000000002180000)]

Other Threads:
  0x0000000013587800 VMThread [stack: 0x0000000014620000,0x0000000014720000] [id=9264]
  0x0000000015060800 WatcherThread [stack: 0x0000000015400000,0x0000000015500000] [id=8728]

VM state:not at safepoint (normal execution)

VM Mutex/Monitor currently owned by a thread: None

heap address: 0x00000000e2400000, size: 476 MB, Compressed Oops mode: 32-bit
Narrow klass base: 0x0000000000000000, Narrow klass shift: 3
Compressed class space size: 1073741824 Address: 0x0000000100000000

Heap:
 PSYoungGen      total 9728K, used 4934K [0x00000000f6180000, 0x00000000f6f80000, 0x0000000100000000)
  eden space 8192K, 41% used [0x00000000f6180000,0x00000000f64d9550,0x00000000f6980000)
  from space 1536K, 98% used [0x00000000f6e00000,0x00000000f6f78628,0x00000000f6f80000)
  to   space 3072K, 0% used [0x00000000f6980000,0x00000000f6980000,0x00000000f6c80000)
 ParOldGen       total 37376K, used 24140K [0x00000000e2400000, 0x00000000e4880000, 0x00000000f6180000)
  object space 37376K, 64% used [0x00000000e2400000,0x00000000e3b93060,0x00000000e4880000)
 Metaspace       used 17476K, capacity 18278K, committed 18432K, reserved 1064960K
  class space    used 2300K, capacity 2493K, committed 2560K, reserved 1048576K

Card table byte_map: [0x00000000116c0000,0x00000000117b0000] byte_map_base: 0x0000000010fae000

Marking Bits: (ParMarkBitMap*) 0x000000005706be30
 Begin Bits: [0x0000000011c50000, 0x00000000123c0000)
 End Bits:   [0x00000000123c0000, 0x0000000012b30000)

Polling page: 0x00000000007a0000

CodeCache: size=245760Kb used=4847Kb max_used=4858Kb free=240913Kb
 bounds [0x0000000002300000, 0x00000000027d0000, 0x0000000011300000]
 total_blobs=1818 nmethods=1403 adapters=328
 compilation: enabled

Compilation events (10 events):
Event: 112.048 Thread 0x00000000135f2800 nmethod 1466 0x00000000027bb090 code [0x00000000027bb260, 0x00000000027bbb88]
Event: 112.048 Thread 0x00000000135f2800 1467       3       java.io.StringReader::ensureOpen (18 bytes)
Event: 112.048 Thread 0x00000000135f2800 nmethod 1467 0x00000000027bac10 code [0x00000000027bad80, 0x00000000027bafc8]
Event: 112.049 Thread 0x00000000135c4000 nmethod 1468 0x00000000024481d0 code [0x0000000002448300, 0x00000000024483b8]
Event: 112.049 Thread 0x00000000135c4000 1469       4       org.openqa.selenium.json.Input::peek (9 bytes)
Event: 112.089 Thread 0x00000000135f2800 1470       1       java.lang.invoke.InnerClassLambdaMetafactory::access$000 (5 bytes)
Event: 112.089 Thread 0x00000000135f2800 nmethod 1470 0x00000000027ba950 code [0x00000000027baaa0, 0x00000000027bab90]
Event: 112.089 Thread 0x00000000135f2800 1471       1       java.lang.invoke.InnerClassLambdaMetafactory::access$400 (5 bytes)
Event: 112.089 Thread 0x00000000135f2800 nmethod 1471 0x000000000254f390 code [0x000000000254f4e0, 0x000000000254f5d0]
Event: 112.102 Thread 0x00000000135cc000 nmethod 1463 0x00000000025b1d10 code [0x00000000025b1ec0, 0x00000000025b2f78]

GC Heap History (10 events):
Event: 68.262 GC heap before
{Heap before GC invocations=4 (full 0):
 PSYoungGen      total 9216K, used 9216K [0x00000000f6180000, 0x00000000f7300000, 0x0000000100000000)
  eden space 8192K, 100% used [0x00000000f6180000,0x00000000f6980000,0x00000000f6980000)
  from space 1024K, 100% used [0x00000000f6980000,0x00000000f6a80000,0x00000000f6a80000)
  to   space 1024K, 0% used [0x00000000f7200000,0x00000000f7200000,0x00000000f7300000)
 ParOldGen       total 20480K, used 3674K [0x00000000e2400000, 0x00000000e3800000, 0x00000000f6180000)
  object space 20480K, 17% used [0x00000000e2400000,0x00000000e2796bc8,0x00000000e3800000)
 Metaspace       used 10334K, capacity 10618K, committed 10880K, reserved 1058816K
  class space    used 1249K, capacity 1357K, committed 1408K, reserved 1048576K
Event: 68.272 GC heap after
Heap after GC invocations=4 (full 0):
 PSYoungGen      total 9216K, used 1024K [0x00000000f6180000, 0x00000000f7300000, 0x0000000100000000)
  eden space 8192K, 0% used [0x00000000f6180000,0x00000000f6180000,0x00000000f6980000)
  from space 1024K, 100% used [0x00000000f7200000,0x00000000f7300000,0x00000000f7300000)
  to   space 1024K, 0% used [0x00000000f6980000,0x00000000f6980000,0x00000000f6a80000)
 ParOldGen       total 20480K, used 4637K [0x00000000e2400000, 0x00000000e3800000, 0x00000000f6180000)
  object space 20480K, 22% used [0x00000000e2400000,0x00000000e2887738,0x00000000e3800000)
 Metaspace       used 10334K, capacity 10618K, committed 10880K, reserved 1058816K
  class space    used 1249K, capacity 1357K, committed 1408K, reserved 1048576K
}
Event: 72.579 GC heap before
{Heap before GC invocations=5 (full 0):
 PSYoungGen      total 9216K, used 9216K [0x00000000f6180000, 0x00000000f7300000, 0x0000000100000000)
  eden space 8192K, 100% used [0x00000000f6180000,0x00000000f6980000,0x00000000f6980000)
  from space 1024K, 100% used [0x00000000f7200000,0x00000000f7300000,0x00000000f7300000)
  to   space 1024K, 0% used [0x00000000f6980000,0x00000000f6980000,0x00000000f6a80000)
 ParOldGen       total 20480K, used 4637K [0x00000000e2400000, 0x00000000e3800000, 0x00000000f6180000)
  object space 20480K, 22% used [0x00000000e2400000,0x00000000e2887738,0x00000000e3800000)
 Metaspace       used 11933K, capacity 12218K, committed 12544K, reserved 1060864K
  class space    used 1449K, capacity 1525K, committed 1536K, reserved 1048576K
Event: 72.620 GC heap after
Heap after GC invocations=5 (full 0):
 PSYoungGen      total 9216K, used 1024K [0x00000000f6180000, 0x00000000f7280000, 0x0000000100000000)
  eden space 8192K, 0% used [0x00000000f6180000,0x00000000f6180000,0x00000000f6980000)
  from space 1024K, 100% used [0x00000000f6980000,0x00000000f6a80000,0x00000000f6a80000)
  to   space 3584K, 0% used [0x00000000f6f00000,0x00000000f6f00000,0x00000000f7280000)
 ParOldGen       total 20480K, used 6367K [0x00000000e2400000, 0x00000000e3800000, 0x00000000f6180000)
  object space 20480K, 31% used [0x00000000e2400000,0x00000000e2a37ec0,0x00000000e3800000)
 Metaspace       used 11933K, capacity 12218K, committed 12544K, reserved 1060864K
  class space    used 1449K, capacity 1525K, committed 1536K, reserved 1048576K
}
Event: 92.325 GC heap before
{Heap before GC invocations=6 (full 0):
 PSYoungGen      total 9216K, used 9216K [0x00000000f6180000, 0x00000000f7280000, 0x0000000100000000)
  eden space 8192K, 100% used [0x00000000f6180000,0x00000000f6980000,0x00000000f6980000)
  from space 1024K, 100% used [0x00000000f6980000,0x00000000f6a80000,0x00000000f6a80000)
  to   space 3584K, 0% used [0x00000000f6f00000,0x00000000f6f00000,0x00000000f7280000)
 ParOldGen       total 20480K, used 6367K [0x00000000e2400000, 0x00000000e3800000, 0x00000000f6180000)
  object space 20480K, 31% used [0x00000000e2400000,0x00000000e2a37ec0,0x00000000e3800000)
 Metaspace       used 14152K, capacity 14832K, committed 15104K, reserved 1062912K
  class space    used 1805K, capacity 1988K, committed 2048K, reserved 1048576K
Event: 92.332 GC heap after
Heap after GC invocations=6 (full 0):
 PSYoungGen      total 10752K, used 2323K [0x00000000f6180000, 0x00000000f7180000, 0x0000000100000000)
  eden space 8192K, 0% used [0x00000000f6180000,0x00000000f6180000,0x00000000f6980000)
  from space 2560K, 90% used [0x00000000f6f00000,0x00000000f7144d88,0x00000000f7180000)
  to   space 3072K, 0% used [0x00000000f6b80000,0x00000000f6b80000,0x00000000f6e80000)
 ParOldGen       total 20480K, used 6375K [0x00000000e2400000, 0x00000000e3800000, 0x00000000f6180000)
  object space 20480K, 31% used [0x00000000e2400000,0x00000000e2a39ec0,0x00000000e3800000)
 Metaspace       used 14152K, capacity 14832K, committed 15104K, reserved 1062912K
  class space    used 1805K, capacity 1988K, committed 2048K, reserved 1048576K
}
Event: 97.878 GC heap before
{Heap before GC invocations=7 (full 0):
 PSYoungGen      total 10752K, used 10515K [0x00000000f6180000, 0x00000000f7180000, 0x0000000100000000)
  eden space 8192K, 100% used [0x00000000f6180000,0x00000000f6980000,0x00000000f6980000)
  from space 2560K, 90% used [0x00000000f6f00000,0x00000000f7144d88,0x00000000f7180000)
  to   space 3072K, 0% used [0x00000000f6b80000,0x00000000f6b80000,0x00000000f6e80000)
 ParOldGen       total 20480K, used 6375K [0x00000000e2400000, 0x00000000e3800000, 0x00000000f6180000)
  object space 20480K, 31% used [0x00000000e2400000,0x00000000e2a39ec0,0x00000000e3800000)
 Metaspace       used 15561K, capacity 16272K, committed 16384K, reserved 1062912K
  class space    used 2012K, capacity 2216K, committed 2304K, reserved 1048576K
Event: 97.892 GC heap after
Heap after GC invocations=7 (full 0):
 PSYoungGen      total 10752K, used 2303K [0x00000000f6180000, 0x00000000f6f80000, 0x0000000100000000)
  eden space 8192K, 0% used [0x00000000f6180000,0x00000000f6180000,0x00000000f6980000)
  from space 2560K, 89% used [0x00000000f6b80000,0x00000000f6dbfd30,0x00000000f6e00000)
  to   space 1536K, 0% used [0x00000000f6e00000,0x00000000f6e00000,0x00000000f6f80000)
 ParOldGen       total 20480K, used 6886K [0x00000000e2400000, 0x00000000e3800000, 0x00000000f6180000)
  object space 20480K, 33% used [0x00000000e2400000,0x00000000e2ab9880,0x00000000e3800000)
 Metaspace       used 15561K, capacity 16272K, committed 16384K, reserved 1062912K
  class space    used 2012K, capacity 2216K, committed 2304K, reserved 1048576K
}
Event: 105.158 GC heap before
{Heap before GC invocations=8 (full 0):
 PSYoungGen      total 10752K, used 10495K [0x00000000f6180000, 0x00000000f6f80000, 0x0000000100000000)
  eden space 8192K, 100% used [0x00000000f6180000,0x00000000f6980000,0x00000000f6980000)
  from space 2560K, 89% used [0x00000000f6b80000,0x00000000f6dbfd30,0x00000000f6e00000)
  to   space 1536K, 0% used [0x00000000f6e00000,0x00000000f6e00000,0x00000000f6f80000)
 ParOldGen       total 20480K, used 6886K [0x00000000e2400000, 0x00000000e3800000, 0x00000000f6180000)
  object space 20480K, 33% used [0x00000000e2400000,0x00000000e2ab9880,0x00000000e3800000)
 Metaspace       used 17011K, capacity 17758K, committed 17792K, reserved 1064960K
  class space    used 2224K, capacity 2411K, committed 2432K, reserved 1048576K
Event: 105.169 GC heap after
Heap after GC invocations=8 (full 0):
 PSYoungGen      total 9728K, used 1505K [0x00000000f6180000, 0x00000000f6f80000, 0x0000000100000000)
  eden space 8192K, 0% used [0x00000000f6180000,0x00000000f6180000,0x00000000f6980000)
  from space 1536K, 98% used [0x00000000f6e00000,0x00000000f6f78628,0x00000000f6f80000)
  to   space 3072K, 0% used [0x00000000f6980000,0x00000000f6980000,0x00000000f6c80000)
 ParOldGen       total 20480K, used 7756K [0x00000000e2400000, 0x00000000e3800000, 0x00000000f6180000)
  object space 20480K, 37% used [0x00000000e2400000,0x00000000e2b93050,0x00000000e3800000)
 Metaspace       used 17011K, capacity 17758K, committed 17792K, reserved 1064960K
  class space    used 2224K, capacity 2411K, committed 2432K, reserved 1048576K
}

Deoptimization events (10 events):
Event: 104.171 Thread 0x0000000002204800 Uncommon trap: reason=unstable_if action=reinterpret pc=0x00000000026905d0 method=java.util.HashMap.getNode(ILjava/lang/Object;)Ljava/util/HashMap$Node; @ 62
Event: 104.172 Thread 0x0000000002204800 Uncommon trap: reason=bimorphic action=maybe_recompile pc=0x00000000026b6dd0 method=java.util.HashMap.putVal(ILjava/lang/Object;Ljava/lang/Object;ZZ)Ljava/lang/Object; @ 91
Event: 104.172 Thread 0x0000000002204800 Uncommon trap: reason=unstable_if action=reinterpret pc=0x000000000261f838 method=java.util.HashMap.getNode(ILjava/lang/Object;)Ljava/util/HashMap$Node; @ 62
Event: 104.172 Thread 0x0000000002204800 Uncommon trap: reason=bimorphic action=maybe_recompile pc=0x00000000026b6dd0 method=java.util.HashMap.putVal(ILjava/lang/Object;Ljava/lang/Object;ZZ)Ljava/lang/Object; @ 91
Event: 104.173 Thread 0x0000000002204800 Uncommon trap: reason=bimorphic action=maybe_recompile pc=0x00000000026b6dd0 method=java.util.HashMap.putVal(ILjava/lang/Object;Ljava/lang/Object;ZZ)Ljava/lang/Object; @ 91
Event: 104.174 Thread 0x0000000002204800 Uncommon trap: reason=bimorphic action=maybe_recompile pc=0x00000000026b6dd0 method=java.util.HashMap.putVal(ILjava/lang/Object;Ljava/lang/Object;ZZ)Ljava/lang/Object; @ 91
Event: 112.040 Thread 0x0000000002204800 Uncommon trap: reason=class_check action=maybe_recompile pc=0x00000000027a9884 method=org.openqa.selenium.json.Input.init()V @ 18
Event: 112.041 Thread 0x0000000002204800 Uncommon trap: reason=class_check action=maybe_recompile pc=0x00000000027a9884 method=org.openqa.selenium.json.Input.init()V @ 18
Event: 112.041 Thread 0x0000000002204800 Uncommon trap: reason=class_check action=maybe_recompile pc=0x00000000027a9884 method=org.openqa.selenium.json.Input.init()V @ 18
Event: 112.042 Thread 0x0000000002204800 Uncommon trap: reason=class_check action=maybe_recompile pc=0x00000000027a9884 method=org.openqa.selenium.json.Input.init()V @ 18

Classes redefined (0 events):
No events

Internal exceptions (10 events):
Event: 87.515 Thread 0x0000000002204800 Exception <a 'java/lang/ArrayIndexOutOfBoundsException'> (0x00000000f6447658) thrown at [C:\ade\jenkins\workspace\8-2-build-windows-amd64-cygwin\jdk8u241\331\hotspot\src\share\vm\runtime\sharedRuntime.cpp, line 605]
Event: 87.517 Thread 0x0000000002204800 Exception <a 'java/lang/ArrayIndexOutOfBoundsException'> (0x00000000f644e060) thrown at [C:\ade\jenkins\workspace\8-2-build-windows-amd64-cygwin\jdk8u241\331\hotspot\src\share\vm\runtime\sharedRuntime.cpp, line 605]
Event: 87.518 Thread 0x0000000002204800 Exception <a 'java/lang/ArrayIndexOutOfBoundsException'> (0x00000000f64543a8) thrown at [C:\ade\jenkins\workspace\8-2-build-windows-amd64-cygwin\jdk8u241\331\hotspot\src\share\vm\runtime\sharedRuntime.cpp, line 605]
Event: 87.705 Thread 0x0000000002204800 Exception <a 'java/lang/NoSuchMethodError': java.lang.Object.lambda$andThen$1(Ljava/util/function/Function;Ljava/lang/Object;)Ljava/lang/Object;> (0x00000000f64898f0) thrown at [C:\ade\jenkins\workspace\8-2-build-windows-amd64-cygwin\jdk8u241\331\hotspot\
Event: 89.110 Thread 0x0000000002204800 Exception <a 'java/lang/NoSuchMethodError': java.lang.Object.lambda$chars$0()Ljava/util/Spliterator$OfInt;> (0x00000000f66731f0) thrown at [C:\ade\jenkins\workspace\8-2-build-windows-amd64-cygwin\jdk8u241\331\hotspot\src\share\vm\interpreter\linkResolver.
Event: 104.706 Thread 0x0000000015794000 Exception <a 'java/lang/ArrayIndexOutOfBoundsException'> (0x00000000f6808400) thrown at [C:\ade\jenkins\workspace\8-2-build-windows-amd64-cygwin\jdk8u241\331\hotspot\src\share\vm\runtime\sharedRuntime.cpp, line 605]
Event: 104.706 Thread 0x0000000015794000 Exception <a 'java/lang/ArrayIndexOutOfBoundsException'> (0x00000000f6809c28) thrown at [C:\ade\jenkins\workspace\8-2-build-windows-amd64-cygwin\jdk8u241\331\hotspot\src\share\vm\runtime\sharedRuntime.cpp, line 605]
Event: 104.708 Thread 0x0000000015794000 Exception <a 'java/lang/ArrayIndexOutOfBoundsException'> (0x00000000f680d300) thrown at [C:\ade\jenkins\workspace\8-2-build-windows-amd64-cygwin\jdk8u241\331\hotspot\src\share\vm\runtime\sharedRuntime.cpp, line 605]
Event: 104.709 Thread 0x0000000015794000 Exception <a 'java/lang/ArrayIndexOutOfBoundsException'> (0x00000000f680e478) thrown at [C:\ade\jenkins\workspace\8-2-build-windows-amd64-cygwin\jdk8u241\331\hotspot\src\share\vm\runtime\sharedRuntime.cpp, line 605]
Event: 112.089 Thread 0x0000000002204800 Exception <a 'java/lang/NoSuchMethodError': java.lang.Object.lambda$getResponseFunction$0(Lorg/openqa/selenium/remote/InitialHandshakeResponse;)Lorg/openqa/selenium/remote/ProtocolHandshake$Result;> (0x00000000f64803f8) thrown at [C:\ade\jenkins\workspace

Events (10 events):
Event: 112.092 loading class org/openqa/selenium/remote/InitialHandshakeResponse done
Event: 112.093 loading class org/openqa/selenium/remote/Response
Event: 112.093 loading class org/openqa/selenium/remote/Response done
Event: 112.094 loading class org/openqa/selenium/remote/ErrorCodes$KnownError
Event: 112.094 loading class org/openqa/selenium/remote/ErrorCodes$KnownError done
Event: 112.094 loading class org/openqa/selenium/remote/ErrorCodes$KnownError
Event: 112.094 loading class org/openqa/selenium/remote/ErrorCodes$KnownError done
Event: 112.096 loading class org/openqa/selenium/remote/ErrorCodes$KnownError
Event: 112.096 loading class org/openqa/selenium/remote/ErrorCodes$KnownError done
Event: 112.096 loading class java/util/function/ToIntFunction


Dynamic libraries:
0x00007ff7bdaa0000 - 0x00007ff7bdad7000 	C:\Program Files\Java\jre1.8.0_241\bin\javaw.exe
0x00007ffa34a70000 - 0x00007ffa34c1d000 	C:\Windows\SYSTEM32\ntdll.dll
0x00007ffa32100000 - 0x00007ffa3223f000 	C:\Windows\system32\KERNEL32.DLL
0x00007ffa31d00000 - 0x00007ffa31e15000 	C:\Windows\system32\KERNELBASE.dll
0x00007ffa30760000 - 0x00007ffa307ee000 	C:\Windows\system32\apphelp.dll
0x00007ffa26770000 - 0x00007ffa267c5000 	C:\Windows\AppPatch\AppPatch64\AcGenral.DLL
0x00007ffa33790000 - 0x00007ffa3383a000 	C:\Windows\system32\msvcrt.dll
0x00007ffa31cd0000 - 0x00007ffa31cfe000 	C:\Windows\system32\SspiCli.dll
0x00007ffa33bf0000 - 0x00007ffa33c44000 	C:\Windows\system32\SHLWAPI.dll
0x00007ffa33840000 - 0x00007ffa339b7000 	C:\Windows\system32\USER32.dll
0x00007ffa34320000 - 0x00007ffa344b4000 	C:\Windows\system32\ole32.dll
0x00007ffa32240000 - 0x00007ffa3376b000 	C:\Windows\system32\SHELL32.dll
0x00007ffa31160000 - 0x00007ffa31181000 	C:\Windows\SYSTEM32\USERENV.dll
0x00007ffa34090000 - 0x00007ffa3413a000 	C:\Windows\system32\ADVAPI32.dll
0x00007ffa2ce70000 - 0x00007ffa2ce8e000 	C:\Windows\SYSTEM32\MPR.dll
0x00007ffa34500000 - 0x00007ffa34640000 	C:\Windows\system32\RPCRT4.dll
0x00007ffa34640000 - 0x00007ffa34699000 	C:\Windows\SYSTEM32\sechost.dll
0x00007ffa346a0000 - 0x00007ffa348b0000 	C:\Windows\SYSTEM32\combase.dll
0x00007ffa34920000 - 0x00007ffa34a6c000 	C:\Windows\system32\GDI32.dll
0x00007ffa31ba0000 - 0x00007ffa31bb5000 	C:\Windows\SYSTEM32\profapi.dll
0x00007ffa2ff80000 - 0x00007ffa30032000 	C:\Windows\SYSTEM32\SHCORE.dll
0x00007ffa344c0000 - 0x00007ffa344f6000 	C:\Windows\system32\IMM32.DLL
0x00007ffa339c0000 - 0x00007ffa33b12000 	C:\Windows\system32\MSCTF.dll
0x00007ffa2f930000 - 0x00007ffa2fbab000 	C:\Windows\WinSxS\amd64_microsoft.windows.common-controls_6595b64144ccf1df_6.0.9600.19394_none_62486577ecb635cf\COMCTL32.dll
0x0000000056760000 - 0x0000000056832000 	C:\Program Files\Java\jre1.8.0_241\bin\msvcr100.dll
0x0000000056840000 - 0x00000000570ec000 	C:\Program Files\Java\jre1.8.0_241\bin\server\jvm.dll
0x00007ffa304a0000 - 0x00007ffa304a9000 	C:\Windows\SYSTEM32\WSOCK32.dll
0x00007ffa2f250000 - 0x00007ffa2f272000 	C:\Windows\SYSTEM32\WINMM.dll
0x00007ffa2b510000 - 0x00007ffa2b51a000 	C:\Windows\SYSTEM32\VERSION.dll
0x00007ffa34070000 - 0x00007ffa34077000 	C:\Windows\system32\PSAPI.DLL
0x00007ffa33cb0000 - 0x00007ffa33d0a000 	C:\Windows\system32\WS2_32.dll
0x00007ffa2f120000 - 0x00007ffa2f14a000 	C:\Windows\SYSTEM32\WINMMBASE.dll
0x00007ffa33ed0000 - 0x00007ffa33ed9000 	C:\Windows\system32\NSI.dll
0x00007ffa320b0000 - 0x00007ffa320ff000 	C:\Windows\SYSTEM32\cfgmgr32.dll
0x00007ffa309d0000 - 0x00007ffa309f8000 	C:\Windows\SYSTEM32\DEVOBJ.dll
0x00007ffa2fd30000 - 0x00007ffa2fd3f000 	C:\Program Files\Java\jre1.8.0_241\bin\verify.dll
0x00007ffa2af80000 - 0x00007ffa2afa9000 	C:\Program Files\Java\jre1.8.0_241\bin\java.dll
0x00007ffa2fca0000 - 0x00007ffa2fcb6000 	C:\Program Files\Java\jre1.8.0_241\bin\zip.dll
0x00007ffa2ef60000 - 0x00007ffa2ef7a000 	C:\Program Files\Java\jre1.8.0_241\bin\net.dll
0x00007ffa313d0000 - 0x00007ffa31429000 	C:\Windows\system32\mswsock.dll
0x00007ffa311d0000 - 0x00007ffa31274000 	C:\Windows\SYSTEM32\DNSAPI.dll
0x00007ffa2b0b0000 - 0x00007ffa2b0ba000 	C:\Windows\System32\rasadhlp.dll
0x00007ffa2cfe0000 - 0x00007ffa2d04b000 	C:\Windows\System32\fwpuclnt.dll
0x00007ffa28140000 - 0x00007ffa28164000 	C:\Program Files\Java\jre1.8.0_241\bin\sunec.dll
0x00007ffa2d540000 - 0x00007ffa2d56a000 	C:\Windows\SYSTEM32\IPHLPAPI.DLL
0x00007ffa2d520000 - 0x00007ffa2d52a000 	C:\Windows\SYSTEM32\WINNSI.DLL
0x00007ffa2cb80000 - 0x00007ffa2cb96000 	C:\Windows\SYSTEM32\dhcpcsvc6.DLL
0x00007ffa2d1e0000 - 0x00007ffa2d1fa000 	C:\Windows\SYSTEM32\dhcpcsvc.DLL
0x00007ffa2e8e0000 - 0x00007ffa2e8f2000 	C:\Program Files\Java\jre1.8.0_241\bin\nio.dll
0x00007ffa31430000 - 0x00007ffa31450000 	C:\Windows\SYSTEM32\CRYPTSP.dll
0x00007ffa31050000 - 0x00007ffa31086000 	C:\Windows\system32\rsaenh.dll
0x00007ffa31680000 - 0x00007ffa316a6000 	C:\Windows\SYSTEM32\bcrypt.dll
0x00007ffa31a00000 - 0x00007ffa31a63000 	C:\Windows\system32\bcryptprimitives.dll
0x00007ffa31a70000 - 0x00007ffa31a7b000 	C:\Windows\SYSTEM32\CRYPTBASE.dll
0x00007ffa2d6d0000 - 0x00007ffa2d6db000 	C:\Program Files\Java\jre1.8.0_241\bin\sunmscapi.dll
0x00007ffa31ed0000 - 0x00007ffa320af000 	C:\Windows\system32\CRYPT32.dll
0x00007ffa31c50000 - 0x00007ffa31c61000 	C:\Windows\system32\MSASN1.dll
0x00007ffa2d580000 - 0x00007ffa2d58d000 	C:\Program Files\Java\jre1.8.0_241\bin\management.dll
0x00007ffa29990000 - 0x00007ffa299a5000 	C:\Windows\system32\napinsp.dll
0x00007ffa29c80000 - 0x00007ffa29c9a000 	C:\Windows\system32\pnrpnsp.dll
0x00007ffa2dfb0000 - 0x00007ffa2dfcb000 	C:\Windows\system32\NLAapi.dll
0x00007ffa29ca0000 - 0x00007ffa29cad000 	C:\Windows\System32\winrnr.dll
0x00007ffa29ce0000 - 0x00007ffa29cf4000 	C:\Windows\system32\wshbth.dll

VM Arguments:
jvm_args: -Dfile.encoding=UTF-8 
java_command: selenium3.and4.ObjectLocation
java_class_path (initial): C:\Program Files\Java\jre1.8.0_241\lib\resources.jar;C:\Program Files\Java\jre1.8.0_241\lib\rt.jar;C:\Program Files\Java\jre1.8.0_241\lib\jsse.jar;C:\Program Files\Java\jre1.8.0_241\lib\jce.jar;C:\Program Files\Java\jre1.8.0_241\lib\charsets.jar;C:\Program Files\Java\jre1.8.0_241\lib\jfr.jar;C:\Program Files\Java\jre1.8.0_241\lib\ext\access-bridge-64.jar;C:\Program Files\Java\jre1.8.0_241\lib\ext\cldrdata.jar;C:\Program Files\Java\jre1.8.0_241\lib\ext\dnsns.jar;C:\Program Files\Java\jre1.8.0_241\lib\ext\jaccess.jar;C:\Program Files\Java\jre1.8.0_241\lib\ext\jfxrt.jar;C:\Program Files\Java\jre1.8.0_241\lib\ext\localedata.jar;C:\Program Files\Java\jre1.8.0_241\lib\ext\nashorn.jar;C:\Program Files\Java\jre1.8.0_241\lib\ext\sunec.jar;C:\Program Files\Java\jre1.8.0_241\lib\ext\sunjce_provider.jar;C:\Program Files\Java\jre1.8.0_241\lib\ext\sunmscapi.jar;C:\Program Files\Java\jre1.8.0_241\lib\ext\sunpkcs11.jar;C:\Program Files\Java\jre1.8.0_241\lib\ext\zipfs.jar;C:\Users\gokulsekar13\Desktop\eclipse\selenium3,4\project\target\test-classes;C:\Users\gokulsekar13\Desktop\eclipse\selenium3,4\project\target\classes;C:\Users\gokulsekar13\.m2\repository\junit\junit\3.8.1\junit-3.8.1.jar;C:\Users\gokulsekar13\.m2\repository\org\seleniumhq\selenium\selenium-java\4.0.0-alpha-4\selenium-java-4.0.0-alpha-4.jar;C:\Users\gokulsekar13\.m2\repository\org\seleniumhq\selenium\selenium-api\4.0.0-alpha-4\selenium-api-4.0.0-alpha-4.jar;C:\Users\gokulsekar13\.m2\repository\org\seleniumhq\selenium\selenium-chrome-driver\4.0.0-alpha-4\selenium-chrome-driver-4.0.0-alpha-4.jar;C:\Users\gokulsekar13\.m2\repository\com\google\auto\service\auto-service-annotations\1.0-rc6\auto-service-annotations-1.0-rc6.jar;C:\Users\gokulsekar13\.m2\repository\com\google\auto\service\auto-service\1.0-rc6\auto-service-1.0-rc6.jar;C:\Users\gokulsekar13\.m2\repository\com\google\auto\auto-common\0.10\auto-common-0.10.jar;C:\Users\gokulsekar13\.m2\repository\com\google\guava\guava\28.2-jre\gu
Launcher Type: SUN_STANDARD

Environment Variables:
PATH=C:/Program Files/Java/jre1.8.0_241/bin/server;C:/Program Files/Java/jre1.8.0_241/bin;C:/Program Files/Java/jre1.8.0_241/lib/amd64;C:\Program Files (x86)\Common Files\Oracle\Java\javapath;C:\Windows\system32;C:\Windows;C:\Windows\System32\Wbem;C:\Windows\System32\WindowsPowerShell\v1.0\:C:\Program Files\Java\jdk1.8.0_241\bin:C:\Program Files\Java\jre1.8.0_241\bin;C:\Users\gokulsekar13\Desktop\eclipse;
USERNAME=gokulsekar13
OS=Windows_NT
PROCESSOR_IDENTIFIER=Intel64 Family 6 Model 37 Stepping 5, GenuineIntel



---------------  S Y S T E M  ---------------

OS: Windows 8.1 , 64 bit Build 9600 (6.3.9600.19538)

CPU:total 4 (initial active 4) (2 cores per cpu, 2 threads per core) family 6 model 37 stepping 5, cmov, cx8, fxsr, mmx, sse, sse2, sse3, ssse3, sse4.1, sse4.2, popcnt, ht, tsc, tscinvbit

Memory: 4k page, physical 1949108k(160128k free), swap 7978420k(3404k free)

vm_info: Java HotSpot(TM) 64-Bit Server VM (25.241-b07) for windows-amd64 JRE (1.8.0_241-b07), built on Dec 11 2019 10:21:40 by "rejava" with MS VC++ 10.0 (VS2010)

time: Thu Apr 23 02:49:28 2020
timezone: Pacific Daylight Time
elapsed time: 112 seconds (0d 0h 1m 52s)

