#
# There is insufficient memory for the Java Runtime Environment to continue.
# Native memory allocation (malloc) failed to allocate 32744 bytes for ChunkPool::allocate
# Possible reasons:
#   The system is out of physical RAM or swap space
#   The process is running with CompressedOops enabled, and the Java Heap may be blocking the growth of the native heap
# Possible solutions:
#   Reduce memory load on the system
#   Increase physical memory or swap space
#   Check if swap backing store is full
#   Decrease Java heap size (-Xmx/-Xms)
#   Decrease number of Java threads
#   Decrease Java thread stack sizes (-Xss)
#   Set larger code cache with -XX:ReservedCodeCacheSize=
#   JVM is running with Unscaled Compressed Oops mode in which the Java heap is
#     placed in the first 4GB address space. The Java Heap base address is the
#     maximum limit for the native heap growth. Please use -XX:HeapBaseMinAddress
#     to set the Java Heap base and to place the Java Heap above 4GB virtual address.
# This output file may be truncated or incomplete.
#
#  Out of Memory Error (allocation.cpp:272), pid=8236, tid=0x0000000000000e58
#
# JRE version: Java(TM) SE Runtime Environment (8.0_241-b07) (build 1.8.0_241-b07)
# Java VM: Java HotSpot(TM) 64-Bit Server VM (25.241-b07 mixed mode windows-amd64 compressed oops)
# Failed to write core dump. Minidumps are not enabled by default on client versions of Windows
#

---------------  T H R E A D  ---------------

Current thread (0x0000000013ea5000):  JavaThread "C2 CompilerThread0" daemon [_thread_in_native, id=3672, stack(0x0000000015440000,0x0000000015540000)]

Stack: [0x0000000015440000,0x0000000015540000]
[error occurred during error reporting (printing stack bounds), id 0xc0000005]

Native frames: (J=compiled Java code, j=interpreted, Vv=VM code, C=native code)


Current CompileTask:
C2: 109910 1454       4       org.openqa.selenium.json.Input::peek (9 bytes)


---------------  P R O C E S S  ---------------

Java Threads: ( => current thread )
  0x0000000016ab5000 JavaThread "AsyncHttpClient-3-1" [_thread_in_native, id=7244, stack(0x00000000188f0000,0x00000000189f0000)]
  0x00000000158b0800 JavaThread "Exec Stream Pumper" daemon [_thread_in_native, id=2088, stack(0x00000000182f0000,0x00000000183f0000)]
  0x00000000164d9800 JavaThread "Exec Stream Pumper" daemon [_thread_in_native, id=5884, stack(0x00000000181f0000,0x00000000182f0000)]
  0x00000000161f8800 JavaThread "UrlChecker-2" daemon [_thread_blocked, id=2772, stack(0x00000000180f0000,0x00000000181f0000)]
  0x0000000015f08000 JavaThread "Exec Default Executor" daemon [_thread_in_native, id=4340, stack(0x0000000017ff0000,0x00000000180f0000)]
  0x0000000016529800 JavaThread "AsyncHttpClient-timer-4-1" [_thread_blocked, id=2128, stack(0x0000000017ef0000,0x0000000017ff0000)]
  0x00000000160ca000 JavaThread "AsyncHttpClient-timer-1-1" [_thread_blocked, id=7212, stack(0x00000000177f0000,0x00000000178f0000)]
  0x0000000015748800 JavaThread "Service Thread" daemon [_thread_blocked, id=3716, stack(0x0000000015b40000,0x0000000015c40000)]
  0x0000000013eb8000 JavaThread "C1 CompilerThread2" daemon [_thread_blocked, id=9576, stack(0x0000000015640000,0x0000000015740000)]
  0x0000000013ea9000 JavaThread "C2 CompilerThread1" daemon [_thread_blocked, id=7316, stack(0x0000000015540000,0x0000000015640000)]
=>0x0000000013ea5000 JavaThread "C2 CompilerThread0" daemon [_thread_in_native, id=3672, stack(0x0000000015440000,0x0000000015540000)]
  0x0000000013ea3000 JavaThread "Attach Listener" daemon [_thread_blocked, id=4908, stack(0x0000000015340000,0x0000000015440000)]
  0x0000000013ea1800 JavaThread "Signal Dispatcher" daemon [_thread_blocked, id=9184, stack(0x0000000015240000,0x0000000015340000)]
  0x0000000013e8a000 JavaThread "Finalizer" daemon [_thread_blocked, id=8364, stack(0x0000000015130000,0x0000000015230000)]
  0x0000000002c74000 JavaThread "Reference Handler" daemon [_thread_blocked, id=7932, stack(0x0000000015030000,0x0000000015130000)]
  0x0000000002b84800 JavaThread "Forwarding newSession on session null to remote" [_thread_in_native, id=7332, stack(0x0000000002990000,0x0000000002a90000)]

Other Threads:
  0x0000000013e67800 VMThread [stack: 0x0000000014f30000,0x0000000015030000] [id=7412]
  0x0000000013efb000 WatcherThread [stack: 0x0000000015c40000,0x0000000015d40000] [id=5200]

VM state:not at safepoint (normal execution)

VM Mutex/Monitor currently owned by a thread: None

heap address: 0x00000000e2400000, size: 476 MB, Compressed Oops mode: 32-bit
Narrow klass base: 0x0000000000000000, Narrow klass shift: 3
Compressed class space size: 1073741824 Address: 0x0000000100000000

Heap:
 PSYoungGen      total 11776K, used 2948K [0x00000000f6180000, 0x00000000f7580000, 0x0000000100000000)
  eden space 8192K, 35% used [0x00000000f6180000,0x00000000f64610b0,0x00000000f6980000)
  from space 3584K, 0% used [0x00000000f6980000,0x00000000f6980000,0x00000000f6d00000)
  to   space 3584K, 0% used [0x00000000f7200000,0x00000000f7200000,0x00000000f7580000)
 ParOldGen       total 22528K, used 21214K [0x00000000e2400000, 0x00000000e3a00000, 0x00000000f6180000)
  object space 22528K, 94% used [0x00000000e2400000,0x00000000e38b7a60,0x00000000e3a00000)
 Metaspace       used 17365K, capacity 18158K, committed 18432K, reserved 1064960K
  class space    used 2295K, capacity 2483K, committed 2560K, reserved 1048576K

Card table byte_map: [0x0000000012040000,0x0000000012130000] byte_map_base: 0x000000001192e000

Marking Bits: (ParMarkBitMap*) 0x000000005706be30
 Begin Bits: [0x0000000012530000, 0x0000000012ca0000)
 End Bits:   [0x0000000012ca0000, 0x0000000013410000)

Polling page: 0x0000000001170000

CodeCache: size=245760Kb used=4775Kb max_used=4791Kb free=240984Kb
 bounds [0x0000000002c80000, 0x0000000003140000, 0x0000000011c80000]
 total_blobs=1800 nmethods=1385 adapters=328
 compilation: enabled

Compilation events (10 events):
Event: 109.555 Thread 0x0000000013eb8000 1452   !   3       java.io.StringReader::read (133 bytes)
Event: 109.557 Thread 0x0000000013eb8000 nmethod 1452 0x0000000002eca150 code [0x0000000002eca320, 0x0000000002ecac48]
Event: 109.563 Thread 0x0000000013ea5000 1453       4       java.nio.Buffer::position (43 bytes)
Event: 109.565 Thread 0x0000000013ea5000 nmethod 1453 0x0000000003129e10 code [0x0000000003129f40, 0x0000000003129ff8]
Event: 109.566 Thread 0x0000000013ea5000 1454       4       org.openqa.selenium.json.Input::peek (9 bytes)
Event: 109.594 Thread 0x0000000013eb8000 1455       1       java.lang.invoke.InnerClassLambdaMetafactory::access$000 (5 bytes)
Event: 109.594 Thread 0x0000000013eb8000 nmethod 1455 0x0000000003129b50 code [0x0000000003129ca0, 0x0000000003129d90]
Event: 109.594 Thread 0x0000000013eb8000 1456       1       java.lang.invoke.InnerClassLambdaMetafactory::access$400 (5 bytes)
Event: 109.594 Thread 0x0000000013eb8000 nmethod 1456 0x0000000003129890 code [0x00000000031299e0, 0x0000000003129ad0]
Event: 109.608 Thread 0x0000000013ea9000 nmethod 1451 0x0000000002f36b90 code [0x0000000002f36d40, 0x0000000002f37df8]

GC Heap History (10 events):
Event: 102.827 GC heap before
{Heap before GC invocations=9 (full 0):
 PSYoungGen      total 9728K, used 2522K [0x00000000f6180000, 0x00000000f6f80000, 0x0000000100000000)
  eden space 8192K, 12% used [0x00000000f6180000,0x00000000f627a7b0,0x00000000f6980000)
  from space 1536K, 98% used [0x00000000f6e00000,0x00000000f6f7c148,0x00000000f6f80000)
  to   space 3072K, 0% used [0x00000000f6980000,0x00000000f6980000,0x00000000f6c80000)
 ParOldGen       total 20480K, used 7809K [0x00000000e2400000, 0x00000000e3800000, 0x00000000f6180000)
  object space 20480K, 38% used [0x00000000e2400000,0x00000000e2ba05d0,0x00000000e3800000)
 Metaspace       used 17165K, capacity 17918K, committed 18176K, reserved 1064960K
  class space    used 2246K, capacity 2443K, committed 2560K, reserved 1048576K
Event: 102.832 GC heap after
Heap after GC invocations=9 (full 0):
 PSYoungGen      total 11264K, used 800K [0x00000000f6180000, 0x00000000f7080000, 0x0000000100000000)
  eden space 8192K, 0% used [0x00000000f6180000,0x00000000f6180000,0x00000000f6980000)
  from space 3072K, 26% used [0x00000000f6980000,0x00000000f6a48000,0x00000000f6c80000)
  to   space 3584K, 0% used [0x00000000f6d00000,0x00000000f6d00000,0x00000000f7080000)
 ParOldGen       total 20480K, used 8481K [0x00000000e2400000, 0x00000000e3800000, 0x00000000f6180000)
  object space 20480K, 41% used [0x00000000e2400000,0x00000000e2c48620,0x00000000e3800000)
 Metaspace       used 17165K, capacity 17918K, committed 18176K, reserved 1064960K
  class space    used 2246K, capacity 2443K, committed 2560K, reserved 1048576K
}
Event: 102.832 GC heap before
{Heap before GC invocations=10 (full 0):
 PSYoungGen      total 11264K, used 800K [0x00000000f6180000, 0x00000000f7080000, 0x0000000100000000)
  eden space 8192K, 0% used [0x00000000f6180000,0x00000000f6180000,0x00000000f6980000)
  from space 3072K, 26% used [0x00000000f6980000,0x00000000f6a48000,0x00000000f6c80000)
  to   space 3584K, 0% used [0x00000000f6d00000,0x00000000f6d00000,0x00000000f7080000)
 ParOldGen       total 20480K, used 8481K [0x00000000e2400000, 0x00000000e3800000, 0x00000000f6180000)
  object space 20480K, 41% used [0x00000000e2400000,0x00000000e2c48620,0x00000000e3800000)
 Metaspace       used 17165K, capacity 17918K, committed 18176K, reserved 1064960K
  class space    used 2246K, capacity 2443K, committed 2560K, reserved 1048576K
Event: 102.834 GC heap after
Heap after GC invocations=10 (full 0):
 PSYoungGen      total 11776K, used 416K [0x00000000f6180000, 0x00000000f7580000, 0x0000000100000000)
  eden space 8192K, 0% used [0x00000000f6180000,0x00000000f6180000,0x00000000f6980000)
  from space 3584K, 11% used [0x00000000f6d00000,0x00000000f6d68000,0x00000000f7080000)
  to   space 3584K, 0% used [0x00000000f6980000,0x00000000f6980000,0x00000000f6d00000)
 ParOldGen       total 20480K, used 8905K [0x00000000e2400000, 0x00000000e3800000, 0x00000000f6180000)
  object space 20480K, 43% used [0x00000000e2400000,0x00000000e2cb2640,0x00000000e3800000)
 Metaspace       used 17165K, capacity 17918K, committed 18176K, reserved 1064960K
  class space    used 2246K, capacity 2443K, committed 2560K, reserved 1048576K
}
Event: 102.834 GC heap before
{Heap before GC invocations=11 (full 1):
 PSYoungGen      total 11776K, used 416K [0x00000000f6180000, 0x00000000f7580000, 0x0000000100000000)
  eden space 8192K, 0% used [0x00000000f6180000,0x00000000f6180000,0x00000000f6980000)
  from space 3584K, 11% used [0x00000000f6d00000,0x00000000f6d68000,0x00000000f7080000)
  to   space 3584K, 0% used [0x00000000f6980000,0x00000000f6980000,0x00000000f6d00000)
 ParOldGen       total 20480K, used 8905K [0x00000000e2400000, 0x00000000e3800000, 0x00000000f6180000)
  object space 20480K, 43% used [0x00000000e2400000,0x00000000e2cb2640,0x00000000e3800000)
 Metaspace       used 17165K, capacity 17918K, committed 18176K, reserved 1064960K
  class space    used 2246K, capacity 2443K, committed 2560K, reserved 1048576K
Event: 103.913 GC heap after
Heap after GC invocations=11 (full 1):
 PSYoungGen      total 11776K, used 0K [0x00000000f6180000, 0x00000000f7580000, 0x0000000100000000)
  eden space 8192K, 0% used [0x00000000f6180000,0x00000000f6180000,0x00000000f6980000)
  from space 3584K, 0% used [0x00000000f6d00000,0x00000000f6d00000,0x00000000f7080000)
  to   space 3584K, 0% used [0x00000000f6980000,0x00000000f6980000,0x00000000f6d00000)
 ParOldGen       total 16384K, used 5437K [0x00000000e2400000, 0x00000000e3400000, 0x00000000f6180000)
  object space 16384K, 33% used [0x00000000e2400000,0x00000000e294f468,0x00000000e3400000)
 Metaspace       used 17165K, capacity 17918K, committed 18176K, reserved 1064960K
  class space    used 2246K, capacity 2443K, committed 2560K, reserved 1048576K
}
Event: 103.914 GC heap before
{Heap before GC invocations=12 (full 1):
 PSYoungGen      total 11776K, used 0K [0x00000000f6180000, 0x00000000f7580000, 0x0000000100000000)
  eden space 8192K, 0% used [0x00000000f6180000,0x00000000f6180000,0x00000000f6980000)
  from space 3584K, 0% used [0x00000000f6d00000,0x00000000f6d00000,0x00000000f7080000)
  to   space 3584K, 0% used [0x00000000f6980000,0x00000000f6980000,0x00000000f6d00000)
 ParOldGen       total 16384K, used 5437K [0x00000000e2400000, 0x00000000e3400000, 0x00000000f6180000)
  object space 16384K, 33% used [0x00000000e2400000,0x00000000e294f468,0x00000000e3400000)
 Metaspace       used 17165K, capacity 17918K, committed 18176K, reserved 1064960K
  class space    used 2246K, capacity 2443K, committed 2560K, reserved 1048576K
Event: 103.915 GC heap after
Heap after GC invocations=12 (full 1):
 PSYoungGen      total 11776K, used 0K [0x00000000f6180000, 0x00000000f7580000, 0x0000000100000000)
  eden space 8192K, 0% used [0x00000000f6180000,0x00000000f6180000,0x00000000f6980000)
  from space 3584K, 0% used [0x00000000f6980000,0x00000000f6980000,0x00000000f6d00000)
  to   space 3584K, 0% used [0x00000000f7200000,0x00000000f7200000,0x00000000f7580000)
 ParOldGen       total 16384K, used 5437K [0x00000000e2400000, 0x00000000e3400000, 0x00000000f6180000)
  object space 16384K, 33% used [0x00000000e2400000,0x00000000e294f468,0x00000000e3400000)
 Metaspace       used 17165K, capacity 17918K, committed 18176K, reserved 1064960K
  class space    used 2246K, capacity 2443K, committed 2560K, reserved 1048576K
}
Event: 103.915 GC heap before
{Heap before GC invocations=13 (full 2):
 PSYoungGen      total 11776K, used 0K [0x00000000f6180000, 0x00000000f7580000, 0x0000000100000000)
  eden space 8192K, 0% used [0x00000000f6180000,0x00000000f6180000,0x00000000f6980000)
  from space 3584K, 0% used [0x00000000f6980000,0x00000000f6980000,0x00000000f6d00000)
  to   space 3584K, 0% used [0x00000000f7200000,0x00000000f7200000,0x00000000f7580000)
 ParOldGen       total 16384K, used 5437K [0x00000000e2400000, 0x00000000e3400000, 0x00000000f6180000)
  object space 16384K, 33% used [0x00000000e2400000,0x00000000e294f468,0x00000000e3400000)
 Metaspace       used 17165K, capacity 17918K, committed 18176K, reserved 1064960K
  class space    used 2246K, capacity 2443K, committed 2560K, reserved 1048576K
Event: 103.986 GC heap after
Heap after GC invocations=13 (full 2):
 PSYoungGen      total 11776K, used 0K [0x00000000f6180000, 0x00000000f7580000, 0x0000000100000000)
  eden space 8192K, 0% used [0x00000000f6180000,0x00000000f6180000,0x00000000f6980000)
  from space 3584K, 0% used [0x00000000f6980000,0x00000000f6980000,0x00000000f6d00000)
  to   space 3584K, 0% used [0x00000000f7200000,0x00000000f7200000,0x00000000f7580000)
 ParOldGen       total 22528K, used 4830K [0x00000000e2400000, 0x00000000e3a00000, 0x00000000f6180000)
  object space 22528K, 21% used [0x00000000e2400000,0x00000000e28b7a50,0x00000000e3a00000)
 Metaspace       used 17123K, capacity 17850K, committed 18176K, reserved 1064960K
  class space    used 2237K, capacity 2427K, committed 2560K, reserved 1048576K
}

Deoptimization events (10 events):
Event: 90.050 Thread 0x0000000002b84800 Uncommon trap: reason=class_check action=maybe_recompile pc=0x0000000002f80724 method=java.util.regex.Pattern$Curly.match(Ljava/util/regex/Matcher;ILjava/lang/CharSequence;)Z @ 19
Event: 90.091 Thread 0x0000000002b84800 Uncommon trap: reason=class_check action=maybe_recompile pc=0x0000000002f80724 method=java.util.regex.Pattern$Curly.match(Ljava/util/regex/Matcher;ILjava/lang/CharSequence;)Z @ 19
Event: 90.091 Thread 0x0000000002b84800 Uncommon trap: reason=class_check action=maybe_recompile pc=0x0000000002f80724 method=java.util.regex.Pattern$Curly.match(Ljava/util/regex/Matcher;ILjava/lang/CharSequence;)Z @ 19
Event: 93.278 Thread 0x0000000002b84800 Uncommon trap: reason=unstable_if action=reinterpret pc=0x0000000002d989e8 method=java.util.regex.Pattern$BmpCharProperty.match(Ljava/util/regex/Matcher;ILjava/lang/CharSequence;)Z @ 34
Event: 101.681 Thread 0x0000000002b84800 Uncommon trap: reason=unstable_if action=reinterpret pc=0x000000000301c2d0 method=java.util.HashMap.getNode(ILjava/lang/Object;)Ljava/util/HashMap$Node; @ 62
Event: 101.681 Thread 0x0000000002b84800 Uncommon trap: reason=bimorphic action=maybe_recompile pc=0x0000000003035850 method=java.util.HashMap.putVal(ILjava/lang/Object;Ljava/lang/Object;ZZ)Ljava/lang/Object; @ 91
Event: 101.681 Thread 0x0000000002b84800 Uncommon trap: reason=unstable_if action=reinterpret pc=0x0000000002fa6438 method=java.util.HashMap.getNode(ILjava/lang/Object;)Ljava/util/HashMap$Node; @ 62
Event: 101.681 Thread 0x0000000002b84800 Uncommon trap: reason=bimorphic action=maybe_recompile pc=0x0000000003035850 method=java.util.HashMap.putVal(ILjava/lang/Object;Ljava/lang/Object;ZZ)Ljava/lang/Object; @ 91
Event: 101.682 Thread 0x0000000002b84800 Uncommon trap: reason=bimorphic action=maybe_recompile pc=0x0000000003035850 method=java.util.HashMap.putVal(ILjava/lang/Object;Ljava/lang/Object;ZZ)Ljava/lang/Object; @ 91
Event: 101.683 Thread 0x0000000002b84800 Uncommon trap: reason=bimorphic action=maybe_recompile pc=0x0000000003035850 method=java.util.HashMap.putVal(ILjava/lang/Object;Ljava/lang/Object;ZZ)Ljava/lang/Object; @ 91

Classes redefined (0 events):
No events

Internal exceptions (10 events):
Event: 85.019 Thread 0x0000000002b84800 Exception <a 'java/lang/ArrayIndexOutOfBoundsException'> (0x00000000f64338c0) thrown at [C:\ade\jenkins\workspace\8-2-build-windows-amd64-cygwin\jdk8u241\331\hotspot\src\share\vm\runtime\sharedRuntime.cpp, line 605]
Event: 85.021 Thread 0x0000000002b84800 Exception <a 'java/lang/ArrayIndexOutOfBoundsException'> (0x00000000f643a2c8) thrown at [C:\ade\jenkins\workspace\8-2-build-windows-amd64-cygwin\jdk8u241\331\hotspot\src\share\vm\runtime\sharedRuntime.cpp, line 605]
Event: 85.023 Thread 0x0000000002b84800 Exception <a 'java/lang/ArrayIndexOutOfBoundsException'> (0x00000000f6440610) thrown at [C:\ade\jenkins\workspace\8-2-build-windows-amd64-cygwin\jdk8u241\331\hotspot\src\share\vm\runtime\sharedRuntime.cpp, line 605]
Event: 85.210 Thread 0x0000000002b84800 Exception <a 'java/lang/NoSuchMethodError': java.lang.Object.lambda$andThen$1(Ljava/util/function/Function;Ljava/lang/Object;)Ljava/lang/Object;> (0x00000000f647c8a0) thrown at [C:\ade\jenkins\workspace\8-2-build-windows-amd64-cygwin\jdk8u241\331\hotspot\
Event: 86.616 Thread 0x0000000002b84800 Exception <a 'java/lang/NoSuchMethodError': java.lang.Object.lambda$chars$0()Ljava/util/Spliterator$OfInt;> (0x00000000f6665c90) thrown at [C:\ade\jenkins\workspace\8-2-build-windows-amd64-cygwin\jdk8u241\331\hotspot\src\share\vm\interpreter\linkResolver.
Event: 102.210 Thread 0x0000000016ab5000 Exception <a 'java/lang/ArrayIndexOutOfBoundsException'> (0x00000000f67ed248) thrown at [C:\ade\jenkins\workspace\8-2-build-windows-amd64-cygwin\jdk8u241\331\hotspot\src\share\vm\runtime\sharedRuntime.cpp, line 605]
Event: 102.210 Thread 0x0000000016ab5000 Exception <a 'java/lang/ArrayIndexOutOfBoundsException'> (0x00000000f67eea70) thrown at [C:\ade\jenkins\workspace\8-2-build-windows-amd64-cygwin\jdk8u241\331\hotspot\src\share\vm\runtime\sharedRuntime.cpp, line 605]
Event: 102.213 Thread 0x0000000016ab5000 Exception <a 'java/lang/ArrayIndexOutOfBoundsException'> (0x00000000f67f2188) thrown at [C:\ade\jenkins\workspace\8-2-build-windows-amd64-cygwin\jdk8u241\331\hotspot\src\share\vm\runtime\sharedRuntime.cpp, line 605]
Event: 102.213 Thread 0x0000000016ab5000 Exception <a 'java/lang/ArrayIndexOutOfBoundsException'> (0x00000000f67f3300) thrown at [C:\ade\jenkins\workspace\8-2-build-windows-amd64-cygwin\jdk8u241\331\hotspot\src\share\vm\runtime\sharedRuntime.cpp, line 605]
Event: 109.593 Thread 0x0000000002b84800 Exception <a 'java/lang/NoSuchMethodError': java.lang.Object.lambda$getResponseFunction$0(Lorg/openqa/selenium/remote/InitialHandshakeResponse;)Lorg/openqa/selenium/remote/ProtocolHandshake$Result;> (0x00000000f63fac68) thrown at [C:\ade\jenkins\workspace

Events (10 events):
Event: 109.598 loading class org/openqa/selenium/remote/InitialHandshakeResponse done
Event: 109.598 loading class org/openqa/selenium/remote/Response
Event: 109.598 loading class org/openqa/selenium/remote/Response done
Event: 109.601 loading class org/openqa/selenium/remote/ErrorCodes$KnownError
Event: 109.601 loading class org/openqa/selenium/remote/ErrorCodes$KnownError done
Event: 109.601 loading class org/openqa/selenium/remote/ErrorCodes$KnownError
Event: 109.601 loading class org/openqa/selenium/remote/ErrorCodes$KnownError done
Event: 109.603 loading class org/openqa/selenium/remote/ErrorCodes$KnownError
Event: 109.603 loading class org/openqa/selenium/remote/ErrorCodes$KnownError done
Event: 109.603 loading class java/util/function/ToIntFunction


Dynamic libraries:
0x00007ff7bdaa0000 - 0x00007ff7bdad7000 	C:\Program Files\Java\jre1.8.0_241\bin\javaw.exe
0x00007ffa34a70000 - 0x00007ffa34c1d000 	C:\Windows\SYSTEM32\ntdll.dll
0x00007ffa32100000 - 0x00007ffa3223f000 	C:\Windows\system32\KERNEL32.DLL
0x00007ffa31d00000 - 0x00007ffa31e15000 	C:\Windows\system32\KERNELBASE.dll
0x00007ffa30760000 - 0x00007ffa307ee000 	C:\Windows\system32\apphelp.dll
0x00007ffa26770000 - 0x00007ffa267c5000 	C:\Windows\AppPatch\AppPatch64\AcGenral.DLL
0x00007ffa33790000 - 0x00007ffa3383a000 	C:\Windows\system32\msvcrt.dll
0x00007ffa31cd0000 - 0x00007ffa31cfe000 	C:\Windows\system32\SspiCli.dll
0x00007ffa33bf0000 - 0x00007ffa33c44000 	C:\Windows\system32\SHLWAPI.dll
0x00007ffa33840000 - 0x00007ffa339b7000 	C:\Windows\system32\USER32.dll
0x00007ffa34320000 - 0x00007ffa344b4000 	C:\Windows\system32\ole32.dll
0x00007ffa32240000 - 0x00007ffa3376b000 	C:\Windows\system32\SHELL32.dll
0x00007ffa31160000 - 0x00007ffa31181000 	C:\Windows\SYSTEM32\USERENV.dll
0x00007ffa34090000 - 0x00007ffa3413a000 	C:\Windows\system32\ADVAPI32.dll
0x00007ffa2ce70000 - 0x00007ffa2ce8e000 	C:\Windows\SYSTEM32\MPR.dll
0x00007ffa34500000 - 0x00007ffa34640000 	C:\Windows\system32\RPCRT4.dll
0x00007ffa34640000 - 0x00007ffa34699000 	C:\Windows\SYSTEM32\sechost.dll
0x00007ffa346a0000 - 0x00007ffa348b0000 	C:\Windows\SYSTEM32\combase.dll
0x00007ffa34920000 - 0x00007ffa34a6c000 	C:\Windows\system32\GDI32.dll
0x00007ffa31ba0000 - 0x00007ffa31bb5000 	C:\Windows\SYSTEM32\profapi.dll
0x00007ffa2ff80000 - 0x00007ffa30032000 	C:\Windows\SYSTEM32\SHCORE.dll
0x00007ffa344c0000 - 0x00007ffa344f6000 	C:\Windows\system32\IMM32.DLL
0x00007ffa339c0000 - 0x00007ffa33b12000 	C:\Windows\system32\MSCTF.dll
0x00007ffa2f930000 - 0x00007ffa2fbab000 	C:\Windows\WinSxS\amd64_microsoft.windows.common-controls_6595b64144ccf1df_6.0.9600.19394_none_62486577ecb635cf\COMCTL32.dll
0x0000000056760000 - 0x0000000056832000 	C:\Program Files\Java\jre1.8.0_241\bin\msvcr100.dll
0x0000000056840000 - 0x00000000570ec000 	C:\Program Files\Java\jre1.8.0_241\bin\server\jvm.dll
0x00007ffa304a0000 - 0x00007ffa304a9000 	C:\Windows\SYSTEM32\WSOCK32.dll
0x00007ffa2f250000 - 0x00007ffa2f272000 	C:\Windows\SYSTEM32\WINMM.dll
0x00007ffa2b510000 - 0x00007ffa2b51a000 	C:\Windows\SYSTEM32\VERSION.dll
0x00007ffa34070000 - 0x00007ffa34077000 	C:\Windows\system32\PSAPI.DLL
0x00007ffa33cb0000 - 0x00007ffa33d0a000 	C:\Windows\system32\WS2_32.dll
0x00007ffa2f120000 - 0x00007ffa2f14a000 	C:\Windows\SYSTEM32\WINMMBASE.dll
0x00007ffa33ed0000 - 0x00007ffa33ed9000 	C:\Windows\system32\NSI.dll
0x00007ffa320b0000 - 0x00007ffa320ff000 	C:\Windows\SYSTEM32\cfgmgr32.dll
0x00007ffa309d0000 - 0x00007ffa309f8000 	C:\Windows\SYSTEM32\DEVOBJ.dll
0x00007ffa2fd30000 - 0x00007ffa2fd3f000 	C:\Program Files\Java\jre1.8.0_241\bin\verify.dll
0x00007ffa2af80000 - 0x00007ffa2afa9000 	C:\Program Files\Java\jre1.8.0_241\bin\java.dll
0x00007ffa2fca0000 - 0x00007ffa2fcb6000 	C:\Program Files\Java\jre1.8.0_241\bin\zip.dll
0x00007ffa2ef60000 - 0x00007ffa2ef7a000 	C:\Program Files\Java\jre1.8.0_241\bin\net.dll
0x00007ffa313d0000 - 0x00007ffa31429000 	C:\Windows\system32\mswsock.dll
0x00007ffa311d0000 - 0x00007ffa31274000 	C:\Windows\SYSTEM32\DNSAPI.dll
0x00007ffa2b0b0000 - 0x00007ffa2b0ba000 	C:\Windows\System32\rasadhlp.dll
0x00007ffa2cfe0000 - 0x00007ffa2d04b000 	C:\Windows\System32\fwpuclnt.dll
0x00007ffa28140000 - 0x00007ffa28164000 	C:\Program Files\Java\jre1.8.0_241\bin\sunec.dll
0x00007ffa2d540000 - 0x00007ffa2d56a000 	C:\Windows\SYSTEM32\IPHLPAPI.DLL
0x00007ffa2d520000 - 0x00007ffa2d52a000 	C:\Windows\SYSTEM32\WINNSI.DLL
0x00007ffa2cb80000 - 0x00007ffa2cb96000 	C:\Windows\SYSTEM32\dhcpcsvc6.DLL
0x00007ffa2d1e0000 - 0x00007ffa2d1fa000 	C:\Windows\SYSTEM32\dhcpcsvc.DLL
0x00007ffa2e8e0000 - 0x00007ffa2e8f2000 	C:\Program Files\Java\jre1.8.0_241\bin\nio.dll
0x00007ffa31430000 - 0x00007ffa31450000 	C:\Windows\SYSTEM32\CRYPTSP.dll
0x00007ffa31050000 - 0x00007ffa31086000 	C:\Windows\system32\rsaenh.dll
0x00007ffa31680000 - 0x00007ffa316a6000 	C:\Windows\SYSTEM32\bcrypt.dll
0x00007ffa31a00000 - 0x00007ffa31a63000 	C:\Windows\system32\bcryptprimitives.dll
0x00007ffa31a70000 - 0x00007ffa31a7b000 	C:\Windows\SYSTEM32\CRYPTBASE.dll
0x00007ffa2d6d0000 - 0x00007ffa2d6db000 	C:\Program Files\Java\jre1.8.0_241\bin\sunmscapi.dll
0x00007ffa31ed0000 - 0x00007ffa320af000 	C:\Windows\system32\CRYPT32.dll
0x00007ffa31c50000 - 0x00007ffa31c61000 	C:\Windows\system32\MSASN1.dll
0x00007ffa2d580000 - 0x00007ffa2d58d000 	C:\Program Files\Java\jre1.8.0_241\bin\management.dll
0x00007ffa29990000 - 0x00007ffa299a5000 	C:\Windows\system32\napinsp.dll
0x00007ffa29c80000 - 0x00007ffa29c9a000 	C:\Windows\system32\pnrpnsp.dll
0x00007ffa2dfb0000 - 0x00007ffa2dfcb000 	C:\Windows\system32\NLAapi.dll
0x00007ffa29ca0000 - 0x00007ffa29cad000 	C:\Windows\System32\winrnr.dll
0x00007ffa29ce0000 - 0x00007ffa29cf4000 	C:\Windows\system32\wshbth.dll

VM Arguments:
jvm_args: -Dfile.encoding=UTF-8 
java_command: selenium3.and4.ObjectLocation
java_class_path (initial): C:\Program Files\Java\jre1.8.0_241\lib\resources.jar;C:\Program Files\Java\jre1.8.0_241\lib\rt.jar;C:\Program Files\Java\jre1.8.0_241\lib\jsse.jar;C:\Program Files\Java\jre1.8.0_241\lib\jce.jar;C:\Program Files\Java\jre1.8.0_241\lib\charsets.jar;C:\Program Files\Java\jre1.8.0_241\lib\jfr.jar;C:\Program Files\Java\jre1.8.0_241\lib\ext\access-bridge-64.jar;C:\Program Files\Java\jre1.8.0_241\lib\ext\cldrdata.jar;C:\Program Files\Java\jre1.8.0_241\lib\ext\dnsns.jar;C:\Program Files\Java\jre1.8.0_241\lib\ext\jaccess.jar;C:\Program Files\Java\jre1.8.0_241\lib\ext\jfxrt.jar;C:\Program Files\Java\jre1.8.0_241\lib\ext\localedata.jar;C:\Program Files\Java\jre1.8.0_241\lib\ext\nashorn.jar;C:\Program Files\Java\jre1.8.0_241\lib\ext\sunec.jar;C:\Program Files\Java\jre1.8.0_241\lib\ext\sunjce_provider.jar;C:\Program Files\Java\jre1.8.0_241\lib\ext\sunmscapi.jar;C:\Program Files\Java\jre1.8.0_241\lib\ext\sunpkcs11.jar;C:\Program Files\Java\jre1.8.0_241\lib\ext\zipfs.jar;C:\Users\gokulsekar13\Desktop\eclipse\selenium3,4\project\target\test-classes;C:\Users\gokulsekar13\Desktop\eclipse\selenium3,4\project\target\classes;C:\Users\gokulsekar13\.m2\repository\junit\junit\3.8.1\junit-3.8.1.jar;C:\Users\gokulsekar13\.m2\repository\org\seleniumhq\selenium\selenium-java\4.0.0-alpha-4\selenium-java-4.0.0-alpha-4.jar;C:\Users\gokulsekar13\.m2\repository\org\seleniumhq\selenium\selenium-api\4.0.0-alpha-4\selenium-api-4.0.0-alpha-4.jar;C:\Users\gokulsekar13\.m2\repository\org\seleniumhq\selenium\selenium-chrome-driver\4.0.0-alpha-4\selenium-chrome-driver-4.0.0-alpha-4.jar;C:\Users\gokulsekar13\.m2\repository\com\google\auto\service\auto-service-annotations\1.0-rc6\auto-service-annotations-1.0-rc6.jar;C:\Users\gokulsekar13\.m2\repository\com\google\auto\service\auto-service\1.0-rc6\auto-service-1.0-rc6.jar;C:\Users\gokulsekar13\.m2\repository\com\google\auto\auto-common\0.10\auto-common-0.10.jar;C:\Users\gokulsekar13\.m2\repository\com\google\guava\guava\28.2-jre\gu
Launcher Type: SUN_STANDARD

Environment Variables:
PATH=C:/Program Files/Java/jre1.8.0_241/bin/server;C:/Program Files/Java/jre1.8.0_241/bin;C:/Program Files/Java/jre1.8.0_241/lib/amd64;C:\Program Files (x86)\Common Files\Oracle\Java\javapath;C:\Windows\system32;C:\Windows;C:\Windows\System32\Wbem;C:\Windows\System32\WindowsPowerShell\v1.0\:C:\Program Files\Java\jdk1.8.0_241\bin:C:\Program Files\Java\jre1.8.0_241\bin;C:\Users\gokulsekar13\Desktop\eclipse;
USERNAME=gokulsekar13
OS=Windows_NT
PROCESSOR_IDENTIFIER=Intel64 Family 6 Model 37 Stepping 5, GenuineIntel



---------------  S Y S T E M  ---------------

OS: Windows 8.1 , 64 bit Build 9600 (6.3.9600.19538)

CPU:total 4 (initial active 4) (2 cores per cpu, 2 threads per core) family 6 model 37 stepping 5, cmov, cx8, fxsr, mmx, sse, sse2, sse3, ssse3, sse4.1, sse4.2, popcnt, ht, tsc, tscinvbit

Memory: 4k page, physical 1949108k(160112k free), swap 7978420k(3404k free)

vm_info: Java HotSpot(TM) 64-Bit Server VM (25.241-b07) for windows-amd64 JRE (1.8.0_241-b07), built on Dec 11 2019 10:21:40 by "rejava" with MS VC++ 10.0 (VS2010)

time: Thu Apr 23 02:49:28 2020
timezone: Pacific Daylight Time
elapsed time: 110 seconds (0d 0h 1m 50s)

